Terminals unused in grammar

   _IF
   _ELSE
   _ELIF
   _SWITCH
   _CASE
   _DEFAULT
   _BREAK
   _FOR
   _WHILE
   _DO
   _RETURN
   _INT_NUMBER
   _UNSIGNED_NUMBER
   _LPAREN
   _RPAREN
   _COMMA
   _LBRACKET
   _RBRACKET
   _ASSIGN
   _SEMICOLON
   _PLUS
   _MINUS
   _TIMES
   _DIV
   _RELOP
   _LF


Grammar

    0 $accept: variable $end

    1 variable: _TYPE _ID


Terminals, with rules where they appear

$end (0) 0
error (256)
_TYPE (258) 1
_IF (259)
_ELSE (260)
_ELIF (261)
_SWITCH (262)
_CASE (263)
_DEFAULT (264)
_BREAK (265)
_FOR (266)
_WHILE (267)
_DO (268)
_RETURN (269)
_ID (270) 1
_INT_NUMBER (271)
_UNSIGNED_NUMBER (272)
_LPAREN (273)
_RPAREN (274)
_COMMA (275)
_LBRACKET (276)
_RBRACKET (277)
_ASSIGN (278)
_SEMICOLON (279)
_PLUS (280)
_MINUS (281)
_TIMES (282)
_DIV (283)
_RELOP (284)
_LF (285)


Nonterminals, with rules where they appear

$accept (31)
    on left: 0
variable (32)
    on left: 1, on right: 0


State 0

    0 $accept: . variable $end

    _TYPE  shift, and go to state 1

    variable  go to state 2


State 1

    1 variable: _TYPE . _ID

    _ID  shift, and go to state 3


State 2

    0 $accept: variable . $end

    $end  shift, and go to state 4


State 3

    1 variable: _TYPE _ID .

    $default  reduce using rule 1 (variable)


State 4

    0 $accept: variable $end .

    $default  accept
